{"C:\\Github\\Vue Form Components\\src\\Components\\InputBox.vue": {"path":"C:\\Github\\Vue Form Components\\src\\Components\\InputBox.vue","statementMap":{"0":{"start":{"line":1,"column":27},"end":{"line":51,"column":4}},"1":{"start":{"line":4,"column":0},"end":{"line":6,"column":3}},"2":{"start":{"line":19,"column":0},"end":{"line":50,"column":2}},"3":{"start":{"line":36,"column":16},"end":{"line":36,"column":30}},"4":{"start":{"line":47,"column":12},"end":{"line":47,"column":39}}},"fnMap":{"0":{"name":"(anonymous_0)","decl":{"start":{"line":1,"column":28},"end":{"line":1,"column":29}},"loc":{"start":{"line":1,"column":38},"end":{"line":51,"column":1}}},"1":{"name":"_default","decl":{"start":{"line":35,"column":30},"end":{"line":35,"column":38}},"loc":{"start":{"line":35,"column":41},"end":{"line":37,"column":13}}},"2":{"name":"updateValue","decl":{"start":{"line":46,"column":30},"end":{"line":46,"column":41}},"loc":{"start":{"line":46,"column":49},"end":{"line":48,"column":9}}}},"branchMap":{},"s":{"0":1,"1":1,"2":1,"3":2,"4":0},"f":{"0":1,"1":2,"2":0},"b":{},"_coverageSchema":"332fd63041d2c1bcb487cc26dd0d5f7d97098a6c","hash":"0a6a501316712857c6ddb5b0eee435fdb73682f3"}
,"C:\\Github\\Vue Form Components\\src\\Components\\Switch.vue": {"path":"C:\\Github\\Vue Form Components\\src\\Components\\Switch.vue","statementMap":{"0":{"start":{"line":1,"column":27},"end":{"line":47,"column":4}},"1":{"start":{"line":4,"column":0},"end":{"line":6,"column":3}},"2":{"start":{"line":19,"column":0},"end":{"line":46,"column":2}},"3":{"start":{"line":43,"column":12},"end":{"line":43,"column":39}}},"fnMap":{"0":{"name":"(anonymous_0)","decl":{"start":{"line":1,"column":28},"end":{"line":1,"column":29}},"loc":{"start":{"line":1,"column":38},"end":{"line":47,"column":1}}},"1":{"name":"updateValue","decl":{"start":{"line":42,"column":30},"end":{"line":42,"column":41}},"loc":{"start":{"line":42,"column":49},"end":{"line":44,"column":9}}}},"branchMap":{},"s":{"0":1,"1":1,"2":1,"3":0},"f":{"0":1,"1":0},"b":{},"_coverageSchema":"332fd63041d2c1bcb487cc26dd0d5f7d97098a6c","hash":"af7406c7e30c6b0ad76a502702a0566ecb4948d2"}
,"C:\\Github\\Vue Form Components\\src\\Components\\TextArea.vue": {"path":"C:\\Github\\Vue Form Components\\src\\Components\\TextArea.vue","statementMap":{"0":{"start":{"line":1,"column":27},"end":{"line":43,"column":4}},"1":{"start":{"line":4,"column":0},"end":{"line":6,"column":3}},"2":{"start":{"line":19,"column":0},"end":{"line":42,"column":2}},"3":{"start":{"line":39,"column":12},"end":{"line":39,"column":39}}},"fnMap":{"0":{"name":"(anonymous_0)","decl":{"start":{"line":1,"column":28},"end":{"line":1,"column":29}},"loc":{"start":{"line":1,"column":38},"end":{"line":43,"column":1}}},"1":{"name":"updateValue","decl":{"start":{"line":38,"column":30},"end":{"line":38,"column":41}},"loc":{"start":{"line":38,"column":49},"end":{"line":40,"column":9}}}},"branchMap":{},"s":{"0":1,"1":1,"2":1,"3":0},"f":{"0":1,"1":0},"b":{},"_coverageSchema":"332fd63041d2c1bcb487cc26dd0d5f7d97098a6c","hash":"6b512455abed3735b4faf92fa0c4a504321136a3"}
}
