{"/home/gml/Projects/Vue-Form-Components/src/Components/InputBox.vue": {"path":"/home/gml/Projects/Vue-Form-Components/src/Components/InputBox.vue","statementMap":{"0":{"start":{"line":1,"column":27},"end":{"line":92,"column":4}},"1":{"start":{"line":4,"column":0},"end":{"line":6,"column":3}},"2":{"start":{"line":8,"column":12},"end":{"line":8,"column":56}},"3":{"start":{"line":10,"column":13},"end":{"line":10,"column":42}},"4":{"start":{"line":12,"column":39},"end":{"line":12,"column":93}},"5":{"start":{"line":45,"column":0},"end":{"line":91,"column":2}},"6":{"start":{"line":62,"column":16},"end":{"line":62,"column":30}},"7":{"start":{"line":73,"column":12},"end":{"line":73,"column":106}},"8":{"start":{"line":79,"column":12},"end":{"line":79,"column":32}},"9":{"start":{"line":82,"column":12},"end":{"line":82,"column":39}},"10":{"start":{"line":85,"column":12},"end":{"line":85,"column":38}},"11":{"start":{"line":88,"column":12},"end":{"line":88,"column":39}}},"fnMap":{"0":{"name":"(anonymous_0)","decl":{"start":{"line":1,"column":28},"end":{"line":1,"column":29}},"loc":{"start":{"line":1,"column":38},"end":{"line":92,"column":1}},"line":1},"1":{"name":"_interopRequireDefault","decl":{"start":{"line":12,"column":9},"end":{"line":12,"column":31}},"loc":{"start":{"line":12,"column":37},"end":{"line":12,"column":95}},"line":12},"2":{"name":"_default","decl":{"start":{"line":61,"column":30},"end":{"line":61,"column":38}},"loc":{"start":{"line":61,"column":41},"end":{"line":63,"column":13}},"line":61},"3":{"name":"usingAddons","decl":{"start":{"line":72,"column":30},"end":{"line":72,"column":41}},"loc":{"start":{"line":72,"column":44},"end":{"line":74,"column":9}},"line":72},"4":{"name":"enterKeyPressed","decl":{"start":{"line":78,"column":34},"end":{"line":78,"column":49}},"loc":{"start":{"line":78,"column":52},"end":{"line":80,"column":9}},"line":78},"5":{"name":"updateValue","decl":{"start":{"line":81,"column":30},"end":{"line":81,"column":41}},"loc":{"start":{"line":81,"column":49},"end":{"line":83,"column":9}},"line":81},"6":{"name":"blur","decl":{"start":{"line":84,"column":23},"end":{"line":84,"column":27}},"loc":{"start":{"line":84,"column":35},"end":{"line":86,"column":9}},"line":84},"7":{"name":"slotExists","decl":{"start":{"line":87,"column":29},"end":{"line":87,"column":39}},"loc":{"start":{"line":87,"column":46},"end":{"line":89,"column":9}},"line":87}},"branchMap":{"0":{"loc":{"start":{"line":12,"column":46},"end":{"line":12,"column":92}},"type":"cond-expr","locations":[{"start":{"line":12,"column":70},"end":{"line":12,"column":73}},{"start":{"line":12,"column":76},"end":{"line":12,"column":92}}],"line":12},"1":{"loc":{"start":{"line":12,"column":46},"end":{"line":12,"column":67}},"type":"binary-expr","locations":[{"start":{"line":12,"column":46},"end":{"line":12,"column":49}},{"start":{"line":12,"column":53},"end":{"line":12,"column":67}}],"line":12},"2":{"loc":{"start":{"line":73,"column":21},"end":{"line":73,"column":104}},"type":"binary-expr","locations":[{"start":{"line":73,"column":21},"end":{"line":73,"column":66}},{"start":{"line":73,"column":70},"end":{"line":73,"column":104}}],"line":73}},"s":{"0":1,"1":1,"2":1,"3":1,"4":1,"5":1,"6":2,"7":2,"8":0,"9":0,"10":0,"11":8},"f":{"0":1,"1":1,"2":2,"3":2,"4":0,"5":0,"6":0,"7":8},"b":{"0":[1,0],"1":[1,1],"2":[2,2]},"_coverageSchema":"332fd63041d2c1bcb487cc26dd0d5f7d97098a6c","hash":"d3f831cd1a544222f4e1f6f9aa897e14d4e2ea81"}
,"/home/gml/Projects/Vue-Form-Components/src/Components/Switch.vue": {"path":"/home/gml/Projects/Vue-Form-Components/src/Components/Switch.vue","statementMap":{"0":{"start":{"line":1,"column":27},"end":{"line":74,"column":4}},"1":{"start":{"line":4,"column":0},"end":{"line":6,"column":3}},"2":{"start":{"line":25,"column":0},"end":{"line":73,"column":2}},"3":{"start":{"line":70,"column":12},"end":{"line":70,"column":40}}},"fnMap":{"0":{"name":"(anonymous_0)","decl":{"start":{"line":1,"column":28},"end":{"line":1,"column":29}},"loc":{"start":{"line":1,"column":38},"end":{"line":74,"column":1}},"line":1},"1":{"name":"updateValue","decl":{"start":{"line":69,"column":30},"end":{"line":69,"column":41}},"loc":{"start":{"line":69,"column":49},"end":{"line":71,"column":9}},"line":69}},"branchMap":{},"s":{"0":1,"1":1,"2":1,"3":0},"f":{"0":1,"1":0},"b":{},"_coverageSchema":"332fd63041d2c1bcb487cc26dd0d5f7d97098a6c","hash":"af16f2d755580353fe031817c66a1aa42be34c0f"}
,"/home/gml/Projects/Vue-Form-Components/src/Components/TextArea.vue": {"path":"/home/gml/Projects/Vue-Form-Components/src/Components/TextArea.vue","statementMap":{"0":{"start":{"line":1,"column":27},"end":{"line":46,"column":4}},"1":{"start":{"line":4,"column":0},"end":{"line":6,"column":3}},"2":{"start":{"line":22,"column":0},"end":{"line":45,"column":2}},"3":{"start":{"line":42,"column":12},"end":{"line":42,"column":39}}},"fnMap":{"0":{"name":"(anonymous_0)","decl":{"start":{"line":1,"column":28},"end":{"line":1,"column":29}},"loc":{"start":{"line":1,"column":38},"end":{"line":46,"column":1}},"line":1},"1":{"name":"updateValue","decl":{"start":{"line":41,"column":30},"end":{"line":41,"column":41}},"loc":{"start":{"line":41,"column":49},"end":{"line":43,"column":9}},"line":41}},"branchMap":{},"s":{"0":1,"1":1,"2":1,"3":0},"f":{"0":1,"1":0},"b":{},"_coverageSchema":"332fd63041d2c1bcb487cc26dd0d5f7d97098a6c","hash":"963b6fc72234cb9b233696020286d4a58177915a"}
}
