TN:
SF:C:\Github\Vue Form Components\src\Components\InputBox.vue
FN:1,(anonymous_0)
FN:35,_default
FN:46,updateValue
FNF:3
FNH:2
FNDA:1,(anonymous_0)
FNDA:2,_default
FNDA:0,updateValue
DA:1,1
DA:4,1
DA:19,1
DA:36,2
DA:47,0
LF:5
LH:4
BRF:0
BRH:0
end_of_record
TN:
SF:C:\Github\Vue Form Components\src\Components\Switch.vue
FN:1,(anonymous_0)
FN:42,updateValue
FNF:2
FNH:1
FNDA:1,(anonymous_0)
FNDA:0,updateValue
DA:1,1
DA:4,1
DA:19,1
DA:43,0
LF:4
LH:3
BRF:0
BRH:0
end_of_record
TN:
SF:C:\Github\Vue Form Components\src\Components\TextArea.vue
FN:1,(anonymous_0)
FN:38,updateValue
FNF:2
FNH:1
FNDA:1,(anonymous_0)
FNDA:0,updateValue
DA:1,1
DA:4,1
DA:19,1
DA:39,0
LF:4
LH:3
BRF:0
BRH:0
end_of_record
