TN:
SF:/home/gml/Projects/Vue-Form-Components/src/Components/InputBox.vue
FN:1,(anonymous_0)
FN:12,_interopRequireDefault
FN:61,_default
FN:72,usingAddons
FN:78,enterKeyPressed
FN:81,updateValue
FN:84,blur
FN:87,slotExists
FNF:8
FNH:5
FNDA:1,(anonymous_0)
FNDA:1,_interopRequireDefault
FNDA:2,_default
FNDA:2,usingAddons
FNDA:0,enterKeyPressed
FNDA:0,updateValue
FNDA:0,blur
FNDA:8,slotExists
DA:1,1
DA:4,1
DA:8,1
DA:10,1
DA:12,1
DA:45,1
DA:62,2
DA:73,2
DA:79,0
DA:82,0
DA:85,0
DA:88,8
LF:12
LH:9
BRDA:12,0,0,1
BRDA:12,0,1,0
BRDA:12,1,0,1
BRDA:12,1,1,1
BRDA:73,2,0,2
BRDA:73,2,1,2
BRF:6
BRH:5
end_of_record
TN:
SF:/home/gml/Projects/Vue-Form-Components/src/Components/Switch.vue
FN:1,(anonymous_0)
FN:69,updateValue
FNF:2
FNH:1
FNDA:1,(anonymous_0)
FNDA:0,updateValue
DA:1,1
DA:4,1
DA:25,1
DA:70,0
LF:4
LH:3
BRF:0
BRH:0
end_of_record
TN:
SF:/home/gml/Projects/Vue-Form-Components/src/Components/TextArea.vue
FN:1,(anonymous_0)
FN:41,updateValue
FNF:2
FNH:1
FNDA:1,(anonymous_0)
FNDA:0,updateValue
DA:1,1
DA:4,1
DA:22,1
DA:42,0
LF:4
LH:3
BRF:0
BRH:0
end_of_record
